<?xml version="1.0" encoding="utf-8"?>
<TestRun id="9e6abcb6-94a2-416a-a3b2-3b26c96a0e86" name="@devbox 2025-10-05 09:06:12" xmlns="http://microsoft.com/schemas/VisualStudio/TeamTest/2010">
  <Times creation="2025-10-05T09:06:12.8293512+00:00" queuing="2025-10-05T09:06:12.8293513+00:00" start="2025-10-05T09:06:10.7560831+00:00" finish="2025-10-05T09:06:12.8492313+00:00" />
  <TestSettings name="default" id="a8d5267a-c354-4306-8058-0df087ca8740">
    <Deployment runDeploymentRoot="_devbox_2025-10-05_09_06_12" />
  </TestSettings>
  <Results>
    <UnitTestResult executionId="05470f80-3bb6-4376-b4b8-d530b2305ab1" testId="6295eace-fbd2-eadb-28f0-489ced9b5434" testName="GetRegionPartHash_ReturnsCorrectHash" computerName="devbox" duration="00:00:00.0018721" startTime="2025-10-05T09:06:12.4213239+00:00" endTime="2025-10-05T09:06:12.4234371+00:00" testType="13cdc9d9-ddb5-4fa4-a97d-d965ccfc6d4b" outcome="Passed" testListId="8c84fa94-04c1-424b-9868-57a2d4851a1d" relativeResultsDirectory="05470f80-3bb6-4376-b4b8-d530b2305ab1" />
    <UnitTestResult executionId="a85270ff-b790-4e0a-88f7-336cf6b0e2a5" testId="050440be-ff8a-7290-8a52-30031dbb7d6d" testName="IsAlive_WhenCombatIsDead_ReturnsFalse" computerName="devbox" duration="00:00:00.0011083" startTime="2025-10-05T09:06:12.4185514+00:00" endTime="2025-10-05T09:06:12.4208512+00:00" testType="13cdc9d9-ddb5-4fa4-a97d-d965ccfc6d4b" outcome="Passed" testListId="8c84fa94-04c1-424b-9868-57a2d4851a1d" relativeResultsDirectory="a85270ff-b790-4e0a-88f7-336cf6b0e2a5" />
    <UnitTestResult executionId="e7a1902c-7f2c-4b5c-9fae-f533fbb2c6b6" testId="ba8f6209-e4e1-b64b-a56d-6ce8a2662924" testName="ToLocation_WithVector3_ReturnsCorrectLocation" computerName="devbox" duration="00:00:00.0045488" startTime="2025-10-05T09:06:12.4176450+00:00" endTime="2025-10-05T09:06:12.4235085+00:00" testType="13cdc9d9-ddb5-4fa4-a97d-d965ccfc6d4b" outcome="Passed" testListId="8c84fa94-04c1-424b-9868-57a2d4851a1d" relativeResultsDirectory="e7a1902c-7f2c-4b5c-9fae-f533fbb2c6b6" />
    <UnitTestResult executionId="f11c1852-b30e-4ae3-a458-4f11c2a8180d" testId="c43bda5c-ca90-34c2-fb08-53d3de0e9be3" testName="Translate_WithOffsets_ReturnsCorrectLocation" computerName="devbox" duration="00:00:00.0045844" startTime="2025-10-05T09:06:12.4185059+00:00" endTime="2025-10-05T09:06:12.4234066+00:00" testType="13cdc9d9-ddb5-4fa4-a97d-d965ccfc6d4b" outcome="Passed" testListId="8c84fa94-04c1-424b-9868-57a2d4851a1d" relativeResultsDirectory="f11c1852-b30e-4ae3-a458-4f11c2a8180d" />
    <UnitTestResult executionId="34fe530f-e1de-44d2-89c6-5e9352e2a364" testId="f4b6a4b1-8311-9db9-ff87-5f29c97cd362" testName="IsDead_WhenCombatIsDead_ReturnsTrue" computerName="devbox" duration="00:00:00.2193346" startTime="2025-10-05T09:06:12.1183391+00:00" endTime="2025-10-05T09:06:12.3961621+00:00" testType="13cdc9d9-ddb5-4fa4-a97d-d965ccfc6d4b" outcome="Passed" testListId="8c84fa94-04c1-424b-9868-57a2d4851a1d" relativeResultsDirectory="34fe530f-e1de-44d2-89c6-5e9352e2a364" />
    <UnitTestResult executionId="8f0d6134-9f57-4362-9e1a-625c2e42e449" testId="af335121-e5a0-4bb0-c015-f4fc7f91715b" testName="IsAlive_WhenCombatIsAlive_ReturnsTrue" computerName="devbox" duration="00:00:00.2193541" startTime="2025-10-05T09:06:12.1184754+00:00" endTime="2025-10-05T09:06:12.3971605+00:00" testType="13cdc9d9-ddb5-4fa4-a97d-d965ccfc6d4b" outcome="Passed" testListId="8c84fa94-04c1-424b-9868-57a2d4851a1d" relativeResultsDirectory="8f0d6134-9f57-4362-9e1a-625c2e42e449" />
    <UnitTestResult executionId="fcef2ff9-87d3-4da7-9bfd-be1b5d8e616f" testId="ec8b9e46-702c-ed0d-1800-0f21696eb579" testName="GetRegionLocalHash_ReturnsCorrectHash" computerName="devbox" duration="00:00:00.0006995" startTime="2025-10-05T09:06:12.4235454+00:00" endTime="2025-10-05T09:06:12.4263666+00:00" testType="13cdc9d9-ddb5-4fa4-a97d-d965ccfc6d4b" outcome="Passed" testListId="8c84fa94-04c1-424b-9868-57a2d4851a1d" relativeResultsDirectory="fcef2ff9-87d3-4da7-9bfd-be1b5d8e616f" />
    <UnitTestResult executionId="7acb02f9-f663-4284-9cc4-b23d8f0a4c9b" testId="73574563-dedb-12eb-8cbd-e2dcab43cc29" testName="IsDead_WhenCombatIsAlive_ReturnsFalse" computerName="devbox" duration="00:00:00.2196735" startTime="2025-10-05T09:06:12.1184074+00:00" endTime="2025-10-05T09:06:12.3966612+00:00" testType="13cdc9d9-ddb5-4fa4-a97d-d965ccfc6d4b" outcome="Passed" testListId="8c84fa94-04c1-424b-9868-57a2d4851a1d" relativeResultsDirectory="7acb02f9-f663-4284-9cc4-b23d8f0a4c9b" />
  </Results>
  <TestDefinitions>
    <UnitTest name="GetRegionLocalHash_ReturnsCorrectHash" storage="/app/hagalaz.game.extensions.tests/bin/debug/net9.0/hagalaz.game.extensions.tests.dll" id="ec8b9e46-702c-ed0d-1800-0f21696eb579">
      <Execution id="fcef2ff9-87d3-4da7-9bfd-be1b5d8e616f" />
      <TestMethod codeBase="/app/Hagalaz.Game.Extensions.Tests/bin/Debug/net9.0/Hagalaz.Game.Extensions.Tests.dll" adapterTypeName="executor://mstestadapter/v2" className="Hagalaz.Game.Extensions.Tests.LocationExtensionsTests" name="GetRegionLocalHash_ReturnsCorrectHash" />
    </UnitTest>
    <UnitTest name="IsDead_WhenCombatIsDead_ReturnsTrue" storage="/app/hagalaz.game.extensions.tests/bin/debug/net9.0/hagalaz.game.extensions.tests.dll" id="f4b6a4b1-8311-9db9-ff87-5f29c97cd362">
      <Execution id="34fe530f-e1de-44d2-89c6-5e9352e2a364" />
      <TestMethod codeBase="/app/Hagalaz.Game.Extensions.Tests/bin/Debug/net9.0/Hagalaz.Game.Extensions.Tests.dll" adapterTypeName="executor://mstestadapter/v2" className="Hagalaz.Game.Extensions.Tests.CreatureExtensionsTests" name="IsDead_WhenCombatIsDead_ReturnsTrue" />
    </UnitTest>
    <UnitTest name="ToLocation_WithVector3_ReturnsCorrectLocation" storage="/app/hagalaz.game.extensions.tests/bin/debug/net9.0/hagalaz.game.extensions.tests.dll" id="ba8f6209-e4e1-b64b-a56d-6ce8a2662924">
      <Execution id="e7a1902c-7f2c-4b5c-9fae-f533fbb2c6b6" />
      <TestMethod codeBase="/app/Hagalaz.Game.Extensions.Tests/bin/Debug/net9.0/Hagalaz.Game.Extensions.Tests.dll" adapterTypeName="executor://mstestadapter/v2" className="Hagalaz.Game.Extensions.Tests.LocationExtensionsTests" name="ToLocation_WithVector3_ReturnsCorrectLocation" />
    </UnitTest>
    <UnitTest name="Translate_WithOffsets_ReturnsCorrectLocation" storage="/app/hagalaz.game.extensions.tests/bin/debug/net9.0/hagalaz.game.extensions.tests.dll" id="c43bda5c-ca90-34c2-fb08-53d3de0e9be3">
      <Execution id="f11c1852-b30e-4ae3-a458-4f11c2a8180d" />
      <TestMethod codeBase="/app/Hagalaz.Game.Extensions.Tests/bin/Debug/net9.0/Hagalaz.Game.Extensions.Tests.dll" adapterTypeName="executor://mstestadapter/v2" className="Hagalaz.Game.Extensions.Tests.LocationExtensionsTests" name="Translate_WithOffsets_ReturnsCorrectLocation" />
    </UnitTest>
    <UnitTest name="IsAlive_WhenCombatIsAlive_ReturnsTrue" storage="/app/hagalaz.game.extensions.tests/bin/debug/net9.0/hagalaz.game.extensions.tests.dll" id="af335121-e5a0-4bb0-c015-f4fc7f91715b">
      <Execution id="8f0d6134-9f57-4362-9e1a-625c2e42e449" />
      <TestMethod codeBase="/app/Hagalaz.Game.Extensions.Tests/bin/Debug/net9.0/Hagalaz.Game.Extensions.Tests.dll" adapterTypeName="executor://mstestadapter/v2" className="Hagalaz.Game.Extensions.Tests.CreatureExtensionsTests" name="IsAlive_WhenCombatIsAlive_ReturnsTrue" />
    </UnitTest>
    <UnitTest name="GetRegionPartHash_ReturnsCorrectHash" storage="/app/hagalaz.game.extensions.tests/bin/debug/net9.0/hagalaz.game.extensions.tests.dll" id="6295eace-fbd2-eadb-28f0-489ced9b5434">
      <Execution id="05470f80-3bb6-4376-b4b8-d530b2305ab1" />
      <TestMethod codeBase="/app/Hagalaz.Game.Extensions.Tests/bin/Debug/net9.0/Hagalaz.Game.Extensions.Tests.dll" adapterTypeName="executor://mstestadapter/v2" className="Hagalaz.Game.Extensions.Tests.LocationExtensionsTests" name="GetRegionPartHash_ReturnsCorrectHash" />
    </UnitTest>
    <UnitTest name="IsDead_WhenCombatIsAlive_ReturnsFalse" storage="/app/hagalaz.game.extensions.tests/bin/debug/net9.0/hagalaz.game.extensions.tests.dll" id="73574563-dedb-12eb-8cbd-e2dcab43cc29">
      <Execution id="7acb02f9-f663-4284-9cc4-b23d8f0a4c9b" />
      <TestMethod codeBase="/app/Hagalaz.Game.Extensions.Tests/bin/Debug/net9.0/Hagalaz.Game.Extensions.Tests.dll" adapterTypeName="executor://mstestadapter/v2" className="Hagalaz.Game.Extensions.Tests.CreatureExtensionsTests" name="IsDead_WhenCombatIsAlive_ReturnsFalse" />
    </UnitTest>
    <UnitTest name="IsAlive_WhenCombatIsDead_ReturnsFalse" storage="/app/hagalaz.game.extensions.tests/bin/debug/net9.0/hagalaz.game.extensions.tests.dll" id="050440be-ff8a-7290-8a52-30031dbb7d6d">
      <Execution id="a85270ff-b790-4e0a-88f7-336cf6b0e2a5" />
      <TestMethod codeBase="/app/Hagalaz.Game.Extensions.Tests/bin/Debug/net9.0/Hagalaz.Game.Extensions.Tests.dll" adapterTypeName="executor://mstestadapter/v2" className="Hagalaz.Game.Extensions.Tests.CreatureExtensionsTests" name="IsAlive_WhenCombatIsDead_ReturnsFalse" />
    </UnitTest>
  </TestDefinitions>
  <TestEntries>
    <TestEntry testId="6295eace-fbd2-eadb-28f0-489ced9b5434" executionId="05470f80-3bb6-4376-b4b8-d530b2305ab1" testListId="8c84fa94-04c1-424b-9868-57a2d4851a1d" />
    <TestEntry testId="050440be-ff8a-7290-8a52-30031dbb7d6d" executionId="a85270ff-b790-4e0a-88f7-336cf6b0e2a5" testListId="8c84fa94-04c1-424b-9868-57a2d4851a1d" />
    <TestEntry testId="ba8f6209-e4e1-b64b-a56d-6ce8a2662924" executionId="e7a1902c-7f2c-4b5c-9fae-f533fbb2c6b6" testListId="8c84fa94-04c1-424b-9868-57a2d4851a1d" />
    <TestEntry testId="c43bda5c-ca90-34c2-fb08-53d3de0e9be3" executionId="f11c1852-b30e-4ae3-a458-4f11c2a8180d" testListId="8c84fa94-04c1-424b-9868-57a2d4851a1d" />
    <TestEntry testId="f4b6a4b1-8311-9db9-ff87-5f29c97cd362" executionId="34fe530f-e1de-44d2-89c6-5e9352e2a364" testListId="8c84fa94-04c1-424b-9868-57a2d4851a1d" />
    <TestEntry testId="af335121-e5a0-4bb0-c015-f4fc7f91715b" executionId="8f0d6134-9f57-4362-9e1a-625c2e42e449" testListId="8c84fa94-04c1-424b-9868-57a2d4851a1d" />
    <TestEntry testId="ec8b9e46-702c-ed0d-1800-0f21696eb579" executionId="fcef2ff9-87d3-4da7-9bfd-be1b5d8e616f" testListId="8c84fa94-04c1-424b-9868-57a2d4851a1d" />
    <TestEntry testId="73574563-dedb-12eb-8cbd-e2dcab43cc29" executionId="7acb02f9-f663-4284-9cc4-b23d8f0a4c9b" testListId="8c84fa94-04c1-424b-9868-57a2d4851a1d" />
  </TestEntries>
  <TestLists>
    <TestList name="Results Not in a List" id="8c84fa94-04c1-424b-9868-57a2d4851a1d" />
    <TestList name="All Loaded Results" id="19431567-8539-422a-85d7-44ee4e166bda" />
  </TestLists>
  <ResultSummary outcome="Completed">
    <Counters total="8" executed="8" passed="8" failed="0" error="0" timeout="0" aborted="0" inconclusive="0" passedButRunAborted="0" notRunnable="0" notExecuted="0" disconnected="0" warning="0" completed="0" inProgress="0" pending="0" />
    <Output>
      <StdOut>Test Parallelization enabled for /app/Hagalaz.Game.Extensions.Tests/bin/Debug/net9.0/Hagalaz.Game.Extensions.Tests.dll (Workers: 4, Scope: MethodLevel)
</StdOut>
    </Output>
  </ResultSummary>
</TestRun>